3:22:30 2/4/2013 [GRAPHICS] [INFO]: Loading Textures
3:22:30 2/4/2013 [GRAPHICS] [INFO]: Done Loading Textures
3:22:30 2/4/2013 [GRAPHICS] [INFO]: Loading Models
3:22:30 2/4/2013 [GRAPHICS] [INFO]: Done Loading Models
3:22:30 2/4/2013 [GRAPHICS] [INFO]: Loading Materials
3:22:30 2/4/2013 [GRAPHICS] [INFO]: Done Loading Materials
3:22:30 2/4/2013 [GRAPHICS] [INFO]: Loading Shaders
3:22:30 2/4/2013 [GRAPHICS] [INFO]: Done Loading Shaders
3:22:30 2/4/2013 [GRAPHICS] [INFO]: Loading Tiles
3:22:30 2/4/2013 [GRAPHICS] [INFO]: Done Loading Tiles
3:22:30 2/4/2013 [GRAPHICS] [INFO]: Loading Chunks
3:22:30 2/4/2013 [GRAPHICS] [INFO]: Done Loading Chunks
3:22:30 2/4/2013 [GRAPHICS] [INFO]: Loading Tiles
3:22:30 2/4/2013 [GRAPHICS] [INFO]: Done Loading Tiles
3:22:30 2/4/2013 [GRAPHICS] [INFO]: gBuffer Done
3:22:30 2/4/2013 [GRAPHICS] [INFO]: Light Buffer Done
3:22:30 2/4/2013 [GRAPHICS] [INFO]: Depth Buffer Done
3:22:30 2/4/2013 [GRAPHICS] [INFO]: Depth Buffer Done
3:22:30 2/4/2013 [GRAPHICS] [INFO]: Depth Buffer Done
3:22:30 2/4/2013 [GRAPHICS] [INFO]: Depth Buffer Done
3:22:30 2/4/2013 [GRAPHICS] [INFO]: Final Buffer Done
