22:53:18 2/3/2013 [GRAPHICS] [INFO]: Loading Textures
22:53:18 2/3/2013 [GRAPHICS] [INFO]: Done Loading Textures
22:53:18 2/3/2013 [GRAPHICS] [INFO]: Loading Models
22:53:18 2/3/2013 [GRAPHICS] [INFO]: Done Loading Models
22:53:18 2/3/2013 [GRAPHICS] [INFO]: Loading Materials
22:53:18 2/3/2013 [GRAPHICS] [INFO]: Done Loading Materials
22:53:18 2/3/2013 [GRAPHICS] [INFO]: Loading Shaders
22:53:18 2/3/2013 [GRAPHICS] [INFO]: Done Loading Shaders
22:53:18 2/3/2013 [GRAPHICS] [INFO]: Loading Tiles
22:53:18 2/3/2013 [GRAPHICS] [INFO]: Done Loading Tiles
22:53:18 2/3/2013 [GRAPHICS] [INFO]: Loading Chunks
22:53:18 2/3/2013 [GRAPHICS] [INFO]: Done Loading Chunks
22:53:18 2/3/2013 [GRAPHICS] [INFO]: Loading Tiles
22:53:18 2/3/2013 [GRAPHICS] [INFO]: Done Loading Tiles
22:53:18 2/3/2013 [GRAPHICS] [INFO]: gBuffer Done
22:53:18 2/3/2013 [GRAPHICS] [INFO]: Light Buffer Done
22:53:18 2/3/2013 [GRAPHICS] [INFO]: Depth Buffer Done
22:53:18 2/3/2013 [GRAPHICS] [INFO]: Depth Buffer Done
22:53:18 2/3/2013 [GRAPHICS] [INFO]: Depth Buffer Done
22:53:18 2/3/2013 [GRAPHICS] [INFO]: Depth Buffer Done
22:53:18 2/3/2013 [GRAPHICS] [INFO]: Final Buffer Done
