15:0:35 2/3/2013 [GRAPHICS] [INFO]: Loading Textures
15:0:35 2/3/2013 [GRAPHICS] [INFO]: Done Loading Textures
15:0:35 2/3/2013 [GRAPHICS] [INFO]: Loading Models
15:0:35 2/3/2013 [GRAPHICS] [INFO]: Done Loading Models
15:0:35 2/3/2013 [GRAPHICS] [INFO]: Loading Materials
15:0:35 2/3/2013 [GRAPHICS] [INFO]: Done Loading Materials
15:0:35 2/3/2013 [GRAPHICS] [INFO]: Loading Shaders
15:0:35 2/3/2013 [GRAPHICS] [INFO]: Done Loading Shaders
15:0:35 2/3/2013 [GRAPHICS] [INFO]: Loading Tiles
15:0:35 2/3/2013 [GRAPHICS] [INFO]: Done Loading Tiles
15:0:35 2/3/2013 [GRAPHICS] [INFO]: Loading Chunks
15:0:35 2/3/2013 [GRAPHICS] [INFO]: Done Loading Chunks
15:0:35 2/3/2013 [GRAPHICS] [INFO]: Loading Tiles
15:0:35 2/3/2013 [GRAPHICS] [INFO]: Done Loading Tiles
15:0:35 2/3/2013 [GRAPHICS] [INFO]: gBuffer Done
15:0:35 2/3/2013 [GRAPHICS] [INFO]: Light Buffer Done
15:0:35 2/3/2013 [GRAPHICS] [INFO]: Depth Buffer Done
15:0:35 2/3/2013 [GRAPHICS] [INFO]: Depth Buffer Done
15:0:35 2/3/2013 [GRAPHICS] [INFO]: Depth Buffer Done
15:0:35 2/3/2013 [GRAPHICS] [INFO]: Depth Buffer Done
15:0:35 2/3/2013 [GRAPHICS] [INFO]: Final Buffer Done
