2:51:56 3/4/2013 [GRAPHICS] [INFO]: Loading Textures
2:51:56 3/4/2013 [GRAPHICS] [INFO]: Done Loading Textures
2:51:56 3/4/2013 [GRAPHICS] [INFO]: Loading Models
2:51:56 3/4/2013 [GRAPHICS] [INFO]: Done Loading Models
2:51:56 3/4/2013 [GRAPHICS] [INFO]: Loading Materials
2:51:56 3/4/2013 [GRAPHICS] [INFO]: Done Loading Materials
2:51:56 3/4/2013 [GRAPHICS] [INFO]: Loading Shaders
2:51:56 3/4/2013 [GRAPHICS] [INFO]: Done Loading Shaders
2:51:56 3/4/2013 [GRAPHICS] [INFO]: Loading Tiles
2:51:56 3/4/2013 [GRAPHICS] [INFO]: Done Loading Tiles
2:51:56 3/4/2013 [GRAPHICS] [INFO]: Loading Chunks
2:51:56 3/4/2013 [GRAPHICS] [INFO]: Done Loading Chunks
2:51:56 3/4/2013 [GRAPHICS] [INFO]: Loading Tiles
2:51:56 3/4/2013 [GRAPHICS] [INFO]: Done Loading Tiles
2:51:56 3/4/2013 [GRAPHICS] [INFO]: gBuffer Done
2:51:56 3/4/2013 [GRAPHICS] [INFO]: Light Buffer Done
2:51:56 3/4/2013 [GRAPHICS] [INFO]: Depth Buffer Done
2:51:56 3/4/2013 [GRAPHICS] [INFO]: Depth Buffer Done
2:51:56 3/4/2013 [GRAPHICS] [INFO]: Depth Buffer Done
2:51:56 3/4/2013 [GRAPHICS] [INFO]: Depth Buffer Done
2:51:56 3/4/2013 [GRAPHICS] [INFO]: Glossy Buffer Done
2:51:56 3/4/2013 [GRAPHICS] [INFO]: Indirect Buffer Done
2:51:56 3/4/2013 [GRAPHICS] [INFO]: Final Buffer Done
2:51:56 3/4/2013 [GRAPHICS] [INFO]: Depth Buffer Done
