20:16:51 8/16/2012 [GRAPHICS] [INFO]: Loading Textures
20:16:51 8/16/2012 [GRAPHICS] [INFO]: Done Loading Textures
20:16:51 8/16/2012 [GRAPHICS] [INFO]: Loading Models
20:16:51 8/16/2012 [GRAPHICS] [INFO]: Done Loading Models
20:16:51 8/16/2012 [GRAPHICS] [INFO]: Loading Materials
20:16:51 8/16/2012 [GRAPHICS] [INFO]: Done Loading Materials
20:16:51 8/16/2012 [GRAPHICS] [INFO]: Loading Shaders
20:16:51 8/16/2012 [GRAPHICS] [INFO]: Done Loading Shaders
20:16:51 8/16/2012 [GAME] [INFO]: Starting user session: Argo
20:16:51 8/16/2012 [GRAPHICS] [INFO]: Loading Chunks
20:16:51 8/16/2012 [GRAPHICS] [INFO]: Done Loading Chunks
20:16:51 8/16/2012 [GRAPHICS] [INFO]: Loading Tiles
20:16:51 8/16/2012 [GRAPHICS] [INFO]: Done Loading Tiles
20:16:51 8/16/2012 [GRAPHICS] [INFO]: gBuffer Done
20:16:51 8/16/2012 [GRAPHICS] [INFO]: Atmosphere Buffer Done
20:16:51 8/16/2012 [GRAPHICS] [INFO]: Light Buffer Done
20:16:51 8/16/2012 [GRAPHICS] [INFO]: Final Buffer Done
20:16:51 8/16/2012 [GRAPHICS] [INFO]: Motion Blur Buffer Done
20:16:51 8/16/2012 [GRAPHICS] [INFO]: Depth buffer Done
20:16:51 8/16/2012 [GRAPHICS] [INFO]: Depth buffer Done
20:16:51 8/16/2012 [GRAPHICS] [INFO]: Depth buffer Done
20:16:51 8/16/2012 [GRAPHICS] [INFO]: Depth buffer Done
20:16:55 8/16/2012 [GAME] [INFO]: Ending user session: Argo
