13:1:46 8/16/2012 [GRAPHICS] [INFO]: Loading Textures
13:1:46 8/16/2012 [GRAPHICS] [INFO]: Done Loading Textures
13:1:46 8/16/2012 [GRAPHICS] [INFO]: Loading Models
13:1:46 8/16/2012 [GRAPHICS] [INFO]: Done Loading Models
13:1:46 8/16/2012 [GRAPHICS] [INFO]: Loading Materials
13:1:46 8/16/2012 [GRAPHICS] [INFO]: Done Loading Materials
13:1:46 8/16/2012 [GRAPHICS] [INFO]: Loading Shaders
13:1:46 8/16/2012 [GRAPHICS] [INFO]: Done Loading Shaders
13:1:46 8/16/2012 [GAME] [INFO]: Starting user session: Argo
13:1:46 8/16/2012 [GRAPHICS] [INFO]: Loading Chunks
13:1:46 8/16/2012 [GRAPHICS] [INFO]: Done Loading Chunks
13:1:46 8/16/2012 [GRAPHICS] [INFO]: Loading Tiles
13:1:46 8/16/2012 [GRAPHICS] [INFO]: Done Loading Tiles
13:1:46 8/16/2012 [GRAPHICS] [INFO]: gBuffer Done
13:1:46 8/16/2012 [GRAPHICS] [INFO]: Atmosphere Buffer Done
13:1:46 8/16/2012 [GRAPHICS] [INFO]: Light Buffer Done
13:1:46 8/16/2012 [GRAPHICS] [INFO]: Final Buffer Done
13:1:46 8/16/2012 [GRAPHICS] [INFO]: Motion Blur Buffer Done
13:1:46 8/16/2012 [GRAPHICS] [INFO]: Depth buffer Done
13:1:46 8/16/2012 [GRAPHICS] [INFO]: Depth buffer Done
13:1:46 8/16/2012 [GRAPHICS] [INFO]: Depth buffer Done
13:1:46 8/16/2012 [GRAPHICS] [INFO]: Depth buffer Done
13:1:49 8/16/2012 [GAME] [INFO]: Ending user session: Argo
