20:54:43 3/24/2013 [GRAPHICS] [INFO]: Loading Textures
20:54:43 3/24/2013 [GRAPHICS] [INFO]: Done Loading Textures
20:54:43 3/24/2013 [GRAPHICS] [INFO]: Loading Models
20:54:43 3/24/2013 [GRAPHICS] [INFO]: Done Loading Models
20:54:43 3/24/2013 [GRAPHICS] [INFO]: Loading Materials
20:54:43 3/24/2013 [GRAPHICS] [INFO]: Done Loading Materials
20:54:43 3/24/2013 [GRAPHICS] [INFO]: Loading Shaders
20:54:43 3/24/2013 [GRAPHICS] [INFO]: Done Loading Shaders
20:54:43 3/24/2013 [GRAPHICS] [INFO]: Loading Tiles
20:54:43 3/24/2013 [GRAPHICS] [INFO]: Done Loading Tiles
20:54:43 3/24/2013 [GRAPHICS] [INFO]: Loading Chunks
20:54:43 3/24/2013 [GRAPHICS] [INFO]: Done Loading Chunks
20:54:43 3/24/2013 [GRAPHICS] [INFO]: Loading Tiles
20:54:43 3/24/2013 [GRAPHICS] [INFO]: Done Loading Tiles
20:54:43 3/24/2013 [GRAPHICS] [INFO]: gBuffer Done
20:54:43 3/24/2013 [GRAPHICS] [INFO]: Light Buffer Done
20:54:43 3/24/2013 [GRAPHICS] [INFO]: Depth Buffer Done
20:54:43 3/24/2013 [GRAPHICS] [INFO]: Depth Buffer Done
20:54:43 3/24/2013 [GRAPHICS] [INFO]: Depth Buffer Done
20:54:43 3/24/2013 [GRAPHICS] [INFO]: Depth Buffer Done
20:54:43 3/24/2013 [GRAPHICS] [INFO]: Glossy Buffer Done
20:54:43 3/24/2013 [GRAPHICS] [INFO]: Indirect Buffer Done
20:54:43 3/24/2013 [GRAPHICS] [INFO]: Blur Buffer Done
20:54:43 3/24/2013 [GRAPHICS] [INFO]: Blur Buffer Done
20:54:43 3/24/2013 [GRAPHICS] [INFO]: Final Buffer Done
20:54:43 3/24/2013 [GRAPHICS] [INFO]: Depth Buffer Done
