22:13:56 3/24/2013 [GRAPHICS] [INFO]: Loading Textures
22:13:56 3/24/2013 [GRAPHICS] [INFO]: Done Loading Textures
22:13:56 3/24/2013 [GRAPHICS] [INFO]: Loading Models
22:13:56 3/24/2013 [GRAPHICS] [INFO]: Done Loading Models
22:13:56 3/24/2013 [GRAPHICS] [INFO]: Loading Materials
22:13:56 3/24/2013 [GRAPHICS] [INFO]: Done Loading Materials
22:13:56 3/24/2013 [GRAPHICS] [INFO]: Loading Shaders
22:13:56 3/24/2013 [GRAPHICS] [ERROR]: Fragment shader failed to compile BuildVoxels
0(68) : error C0000: syntax error, unexpected '}', expecting ',' or ';' at token "}"

22:13:56 3/24/2013 [GRAPHICS] [INFO]: Done Loading Shaders
22:13:56 3/24/2013 [GRAPHICS] [INFO]: Loading Tiles
22:13:56 3/24/2013 [GRAPHICS] [INFO]: Done Loading Tiles
22:13:56 3/24/2013 [GRAPHICS] [INFO]: Loading Chunks
22:13:56 3/24/2013 [GRAPHICS] [INFO]: Done Loading Chunks
22:13:56 3/24/2013 [GRAPHICS] [INFO]: Loading Tiles
22:13:56 3/24/2013 [GRAPHICS] [INFO]: Done Loading Tiles
22:13:56 3/24/2013 [GRAPHICS] [INFO]: gBuffer Done
22:13:56 3/24/2013 [GRAPHICS] [INFO]: Light Buffer Done
22:13:56 3/24/2013 [GRAPHICS] [INFO]: Depth Buffer Done
22:13:56 3/24/2013 [GRAPHICS] [INFO]: Depth Buffer Done
22:13:56 3/24/2013 [GRAPHICS] [INFO]: Depth Buffer Done
22:13:56 3/24/2013 [GRAPHICS] [INFO]: Depth Buffer Done
22:13:56 3/24/2013 [GRAPHICS] [INFO]: Glossy Buffer Done
22:13:56 3/24/2013 [GRAPHICS] [INFO]: Indirect Buffer Done
22:13:56 3/24/2013 [GRAPHICS] [INFO]: Blur Buffer Done
22:13:56 3/24/2013 [GRAPHICS] [INFO]: Blur Buffer Done
22:13:56 3/24/2013 [GRAPHICS] [INFO]: Final Buffer Done
22:13:56 3/24/2013 [GRAPHICS] [INFO]: Depth Buffer Done
22:13:56 3/24/2013 [GRAPHICS] [ERROR]: projectionMatrix - is not a valid uniform variable name
