1:17:3 2/24/2013 [GRAPHICS] [INFO]: Loading Textures
1:17:3 2/24/2013 [GRAPHICS] [INFO]: Done Loading Textures
1:17:3 2/24/2013 [GRAPHICS] [INFO]: Loading Models
1:17:3 2/24/2013 [GRAPHICS] [INFO]: Done Loading Models
1:17:3 2/24/2013 [GRAPHICS] [INFO]: Loading Materials
1:17:3 2/24/2013 [GRAPHICS] [INFO]: Done Loading Materials
1:17:3 2/24/2013 [GRAPHICS] [INFO]: Loading Shaders
1:17:3 2/24/2013 [GRAPHICS] [ERROR]: Fragment shader failed to compile GlossyReflection
0(34) : error C0000: syntax error, unexpected ';', expecting ')' at token ";"

1:17:3 2/24/2013 [GRAPHICS] [INFO]: Done Loading Shaders
1:17:3 2/24/2013 [GRAPHICS] [INFO]: Loading Tiles
1:17:3 2/24/2013 [GRAPHICS] [INFO]: Done Loading Tiles
1:17:3 2/24/2013 [GRAPHICS] [INFO]: Loading Chunks
1:17:3 2/24/2013 [GRAPHICS] [INFO]: Done Loading Chunks
1:17:3 2/24/2013 [GRAPHICS] [INFO]: Loading Tiles
1:17:3 2/24/2013 [GRAPHICS] [INFO]: Done Loading Tiles
1:17:3 2/24/2013 [GRAPHICS] [INFO]: gBuffer Done
1:17:3 2/24/2013 [GRAPHICS] [INFO]: Light Buffer Done
1:17:3 2/24/2013 [GRAPHICS] [INFO]: Depth Buffer Done
1:17:3 2/24/2013 [GRAPHICS] [INFO]: Depth Buffer Done
1:17:3 2/24/2013 [GRAPHICS] [INFO]: Depth Buffer Done
1:17:3 2/24/2013 [GRAPHICS] [INFO]: Depth Buffer Done
1:17:3 2/24/2013 [GRAPHICS] [INFO]: Glossy Buffer Done
1:17:3 2/24/2013 [GRAPHICS] [INFO]: Indirect Buffer Done
1:17:3 2/24/2013 [GRAPHICS] [INFO]: Final Buffer Done
1:17:3 2/24/2013 [GRAPHICS] [INFO]: Depth Buffer Done
1:17:3 2/24/2013 [GRAPHICS] [ERROR]: projectionMatrix - is not a valid uniform variable name
