3:47:23 2/24/2013 [GRAPHICS] [INFO]: Loading Textures
3:47:23 2/24/2013 [GRAPHICS] [INFO]: Done Loading Textures
3:47:23 2/24/2013 [GRAPHICS] [INFO]: Loading Models
3:47:23 2/24/2013 [GRAPHICS] [INFO]: Done Loading Models
3:47:23 2/24/2013 [GRAPHICS] [INFO]: Loading Materials
3:47:23 2/24/2013 [GRAPHICS] [INFO]: Done Loading Materials
3:47:23 2/24/2013 [GRAPHICS] [INFO]: Loading Shaders
3:47:23 2/24/2013 [GRAPHICS] [INFO]: Done Loading Shaders
3:47:23 2/24/2013 [GRAPHICS] [INFO]: Loading Tiles
3:47:23 2/24/2013 [GRAPHICS] [INFO]: Done Loading Tiles
3:47:23 2/24/2013 [GRAPHICS] [INFO]: Loading Chunks
3:47:23 2/24/2013 [GRAPHICS] [INFO]: Done Loading Chunks
3:47:23 2/24/2013 [GRAPHICS] [INFO]: Loading Tiles
3:47:23 2/24/2013 [GRAPHICS] [INFO]: Done Loading Tiles
3:47:23 2/24/2013 [GRAPHICS] [INFO]: gBuffer Done
3:47:23 2/24/2013 [GRAPHICS] [INFO]: Light Buffer Done
3:47:23 2/24/2013 [GRAPHICS] [INFO]: Depth Buffer Done
3:47:23 2/24/2013 [GRAPHICS] [INFO]: Depth Buffer Done
3:47:23 2/24/2013 [GRAPHICS] [INFO]: Depth Buffer Done
3:47:23 2/24/2013 [GRAPHICS] [INFO]: Depth Buffer Done
3:47:23 2/24/2013 [GRAPHICS] [INFO]: Glossy Buffer Done
3:47:23 2/24/2013 [GRAPHICS] [INFO]: Indirect Buffer Done
3:47:23 2/24/2013 [GRAPHICS] [INFO]: Final Buffer Done
3:47:23 2/24/2013 [GRAPHICS] [INFO]: Depth Buffer Done
