1:20:19 2/1/2013 [GRAPHICS] [INFO]: Loading Textures
1:20:19 2/1/2013 [GRAPHICS] [INFO]: Done Loading Textures
1:20:19 2/1/2013 [GRAPHICS] [INFO]: Loading Models
1:20:19 2/1/2013 [GRAPHICS] [INFO]: Done Loading Models
1:20:19 2/1/2013 [GRAPHICS] [INFO]: Loading Materials
1:20:19 2/1/2013 [GRAPHICS] [INFO]: Done Loading Materials
1:20:19 2/1/2013 [GRAPHICS] [INFO]: Loading Shaders
1:20:19 2/1/2013 [GRAPHICS] [INFO]: Done Loading Shaders
1:20:19 2/1/2013 [GRAPHICS] [INFO]: Loading Tiles
1:20:19 2/1/2013 [GRAPHICS] [INFO]: Done Loading Tiles
1:20:19 2/1/2013 [GRAPHICS] [INFO]: Loading Chunks
1:20:19 2/1/2013 [GRAPHICS] [INFO]: Done Loading Chunks
1:20:19 2/1/2013 [GRAPHICS] [INFO]: Loading Tiles
1:20:19 2/1/2013 [GRAPHICS] [INFO]: Done Loading Tiles
1:20:19 2/1/2013 [GRAPHICS] [INFO]: gBuffer Done
1:20:19 2/1/2013 [GRAPHICS] [INFO]: Light Buffer Done
1:20:19 2/1/2013 [GRAPHICS] [INFO]: Depth Buffer Done
1:20:19 2/1/2013 [GRAPHICS] [INFO]: Depth Buffer Done
1:20:19 2/1/2013 [GRAPHICS] [INFO]: Depth Buffer Done
1:20:19 2/1/2013 [GRAPHICS] [INFO]: Depth Buffer Done
1:20:19 2/1/2013 [GRAPHICS] [INFO]: Final Buffer Done
