17:18:11 8/14/2012 [GRAPHICS] [INFO]: Loading Textures
17:18:11 8/14/2012 [GRAPHICS] [INFO]: Done Loading Textures
17:18:11 8/14/2012 [GRAPHICS] [INFO]: Loading Models
17:18:11 8/14/2012 [GRAPHICS] [INFO]: Done Loading Models
17:18:11 8/14/2012 [GRAPHICS] [INFO]: Loading Materials
17:18:11 8/14/2012 [GRAPHICS] [INFO]: Done Loading Materials
17:18:11 8/14/2012 [GRAPHICS] [INFO]: Loading Shaders
17:18:11 8/14/2012 [GRAPHICS] [INFO]: Done Loading Shaders
17:18:11 8/14/2012 [GAME] [INFO]: Starting user session: Argo
17:18:11 8/14/2012 [GRAPHICS] [INFO]: Loading Chunks
17:18:11 8/14/2012 [GRAPHICS] [INFO]: Done Loading Chunks
17:18:11 8/14/2012 [GRAPHICS] [INFO]: Loading Tiles
17:18:11 8/14/2012 [GRAPHICS] [INFO]: Done Loading Tiles
17:18:11 8/14/2012 [GRAPHICS] [INFO]: gBuffer Done
17:18:11 8/14/2012 [GRAPHICS] [INFO]: Atmosphere Buffer Done
17:18:11 8/14/2012 [GRAPHICS] [INFO]: Light Buffer Done
17:18:11 8/14/2012 [GRAPHICS] [INFO]: Final Buffer Done
17:18:11 8/14/2012 [GRAPHICS] [INFO]: Motion Blur Buffer Done
17:18:11 8/14/2012 [GRAPHICS] [INFO]: Depth buffer Done
17:18:11 8/14/2012 [GRAPHICS] [INFO]: Depth buffer Done
17:18:11 8/14/2012 [GRAPHICS] [INFO]: Depth buffer Done
17:18:11 8/14/2012 [GRAPHICS] [INFO]: Depth buffer Done
17:18:36 8/14/2012 [GAME] [INFO]: Ending user session: Argo
