16:31:43 8/14/2012 [GRAPHICS] [INFO]: Loading Textures
16:31:43 8/14/2012 [GRAPHICS] [INFO]: Done Loading Textures
16:31:43 8/14/2012 [GRAPHICS] [INFO]: Loading Models
16:31:43 8/14/2012 [GRAPHICS] [INFO]: Done Loading Models
16:31:43 8/14/2012 [GRAPHICS] [INFO]: Loading Materials
16:31:43 8/14/2012 [GRAPHICS] [INFO]: Done Loading Materials
16:31:43 8/14/2012 [GRAPHICS] [INFO]: Loading Shaders
16:31:43 8/14/2012 [GRAPHICS] [INFO]: Done Loading Shaders
16:31:43 8/14/2012 [GAME] [INFO]: Starting user session: Argo
16:31:43 8/14/2012 [GRAPHICS] [INFO]: Loading Chunks
16:31:43 8/14/2012 [GRAPHICS] [INFO]: Done Loading Chunks
16:31:43 8/14/2012 [GRAPHICS] [INFO]: Loading Tiles
16:31:43 8/14/2012 [GRAPHICS] [INFO]: Done Loading Tiles
16:31:43 8/14/2012 [GRAPHICS] [INFO]: gBuffer Done
16:31:43 8/14/2012 [GRAPHICS] [INFO]: Atmosphere Buffer Done
16:31:43 8/14/2012 [GRAPHICS] [INFO]: Light Buffer Done
16:31:43 8/14/2012 [GRAPHICS] [INFO]: Final Buffer Done
16:31:43 8/14/2012 [GRAPHICS] [INFO]: Motion Blur Buffer Done
16:31:43 8/14/2012 [GRAPHICS] [INFO]: Depth buffer Done
16:31:43 8/14/2012 [GRAPHICS] [INFO]: Depth buffer Done
16:31:43 8/14/2012 [GRAPHICS] [INFO]: Depth buffer Done
16:31:43 8/14/2012 [GRAPHICS] [INFO]: Depth buffer Done
16:31:47 8/14/2012 [GAME] [INFO]: Ending user session: Argo
