16:37:12 8/14/2012 [PROFILER] [INFO]: Draw Motion Blur avg: 1000
16:37:12 8/14/2012 [PROFILER] [INFO]: Draw Motion Blur min: 1000
16:37:12 8/14/2012 [PROFILER] [INFO]: Draw Motion Blur max: 1001
16:37:12 8/14/2012 [PROFILER] [INFO]: Draw Final avg: 1098
16:37:12 8/14/2012 [PROFILER] [INFO]: Draw Final min: 1000
16:37:12 8/14/2012 [PROFILER] [INFO]: Draw Final max: 2000
16:37:12 8/14/2012 [PROFILER] [INFO]: Draw Light avg: 1141
16:37:12 8/14/2012 [PROFILER] [INFO]: Draw Light min: 1000
16:37:12 8/14/2012 [PROFILER] [INFO]: Draw Light max: 2000
16:37:12 8/14/2012 [PROFILER] [INFO]: Draw Atmosphere avg: 1742
16:37:12 8/14/2012 [PROFILER] [INFO]: Draw Atmosphere min: 1000
16:37:12 8/14/2012 [PROFILER] [INFO]: Draw Atmosphere max: 24002
16:37:12 8/14/2012 [PROFILER] [INFO]: Draw GBuffer avg: 2196
16:37:12 8/14/2012 [PROFILER] [INFO]: Draw GBuffer min: 1000
16:37:12 8/14/2012 [PROFILER] [INFO]: Draw GBuffer max: 14000
16:37:12 8/14/2012 [PROFILER] [INFO]: Build Shadow Maps avg: 12214
16:37:12 8/14/2012 [PROFILER] [INFO]: Build Shadow Maps min: 3000
16:37:12 8/14/2012 [PROFILER] [INFO]: Build Shadow Maps max: 112006
16:37:12 8/14/2012 [PROFILER] [INFO]: Update Dynamics World avg: 1580
16:37:12 8/14/2012 [PROFILER] [INFO]: Update Dynamics World min: 1000
16:37:12 8/14/2012 [PROFILER] [INFO]: Update Dynamics World max: 15001
