16:27:20 8/14/2012 [PROFILER] [INFO]: Draw Motion Blur avg: 1000
16:27:20 8/14/2012 [PROFILER] [INFO]: Draw Motion Blur min: 1000
16:27:20 8/14/2012 [PROFILER] [INFO]: Draw Motion Blur max: 1001
16:27:20 8/14/2012 [PROFILER] [INFO]: Draw Final avg: 1582
16:27:20 8/14/2012 [PROFILER] [INFO]: Draw Final min: 1000
16:27:20 8/14/2012 [PROFILER] [INFO]: Draw Final max: 13001
16:27:20 8/14/2012 [PROFILER] [INFO]: Draw Light avg: 2160
16:27:20 8/14/2012 [PROFILER] [INFO]: Draw Light min: 1000
16:27:20 8/14/2012 [PROFILER] [INFO]: Draw Light max: 14001
16:27:20 8/14/2012 [PROFILER] [INFO]: Draw Atmosphere avg: 1130
16:27:20 8/14/2012 [PROFILER] [INFO]: Draw Atmosphere min: 1000
16:27:20 8/14/2012 [PROFILER] [INFO]: Draw Atmosphere max: 15001
16:27:20 8/14/2012 [PROFILER] [INFO]: Draw GBuffer avg: 2994
16:27:20 8/14/2012 [PROFILER] [INFO]: Draw GBuffer min: 1000
16:27:20 8/14/2012 [PROFILER] [INFO]: Draw GBuffer max: 32001
16:27:20 8/14/2012 [PROFILER] [INFO]: Build Shadow Maps avg: 16055
16:27:20 8/14/2012 [PROFILER] [INFO]: Build Shadow Maps min: 4000
16:27:20 8/14/2012 [PROFILER] [INFO]: Build Shadow Maps max: 84005
16:27:20 8/14/2012 [PROFILER] [INFO]: Update Dynamics World avg: 1000
16:27:20 8/14/2012 [PROFILER] [INFO]: Update Dynamics World min: 1000
16:27:20 8/14/2012 [PROFILER] [INFO]: Update Dynamics World max: 14001
