16:23:9 8/14/2012 [PROFILER] [INFO]: Draw Motion Blur avg: 1000
16:23:9 8/14/2012 [PROFILER] [INFO]: Draw Motion Blur min: 1000
16:23:9 8/14/2012 [PROFILER] [INFO]: Draw Motion Blur max: 1001
16:23:9 8/14/2012 [PROFILER] [INFO]: Draw Final avg: 2373
16:23:9 8/14/2012 [PROFILER] [INFO]: Draw Final min: 1000
16:23:9 8/14/2012 [PROFILER] [INFO]: Draw Final max: 11000
16:23:9 8/14/2012 [PROFILER] [INFO]: Draw Light avg: 1298
16:23:9 8/14/2012 [PROFILER] [INFO]: Draw Light min: 1000
16:23:9 8/14/2012 [PROFILER] [INFO]: Draw Light max: 3000
16:23:9 8/14/2012 [PROFILER] [INFO]: Draw Atmosphere avg: 1199
16:23:9 8/14/2012 [PROFILER] [INFO]: Draw Atmosphere min: 1000
16:23:9 8/14/2012 [PROFILER] [INFO]: Draw Atmosphere max: 3000
16:23:9 8/14/2012 [PROFILER] [INFO]: Draw GBuffer avg: 8991
16:23:9 8/14/2012 [PROFILER] [INFO]: Draw GBuffer min: 2000
16:23:9 8/14/2012 [PROFILER] [INFO]: Draw GBuffer max: 14001
16:23:9 8/14/2012 [PROFILER] [INFO]: Build Shadow Maps avg: 16391
16:23:9 8/14/2012 [PROFILER] [INFO]: Build Shadow Maps min: 9000
16:23:9 8/14/2012 [PROFILER] [INFO]: Build Shadow Maps max: 65004
16:23:9 8/14/2012 [PROFILER] [INFO]: Update Dynamics World avg: 1099
16:23:9 8/14/2012 [PROFILER] [INFO]: Update Dynamics World min: 1000
16:23:9 8/14/2012 [PROFILER] [INFO]: Update Dynamics World max: 4000
