18:57:18 2/23/2013 [GRAPHICS] [INFO]: Loading Textures
18:57:18 2/23/2013 [GRAPHICS] [INFO]: Done Loading Textures
18:57:18 2/23/2013 [GRAPHICS] [INFO]: Loading Models
18:57:18 2/23/2013 [GRAPHICS] [INFO]: Done Loading Models
18:57:18 2/23/2013 [GRAPHICS] [INFO]: Loading Materials
18:57:18 2/23/2013 [GRAPHICS] [INFO]: Done Loading Materials
18:57:18 2/23/2013 [GRAPHICS] [INFO]: Loading Shaders
18:57:18 2/23/2013 [GRAPHICS] [INFO]: Done Loading Shaders
18:57:18 2/23/2013 [GRAPHICS] [INFO]: Loading Tiles
18:57:18 2/23/2013 [GRAPHICS] [INFO]: Done Loading Tiles
18:57:18 2/23/2013 [GRAPHICS] [INFO]: Loading Chunks
18:57:18 2/23/2013 [GRAPHICS] [INFO]: Done Loading Chunks
18:57:18 2/23/2013 [GRAPHICS] [INFO]: Loading Tiles
18:57:18 2/23/2013 [GRAPHICS] [INFO]: Done Loading Tiles
18:57:18 2/23/2013 [GRAPHICS] [INFO]: gBuffer Done
18:57:18 2/23/2013 [GRAPHICS] [INFO]: Light Buffer Done
18:57:18 2/23/2013 [GRAPHICS] [INFO]: Depth Buffer Done
18:57:18 2/23/2013 [GRAPHICS] [INFO]: Depth Buffer Done
18:57:18 2/23/2013 [GRAPHICS] [INFO]: Depth Buffer Done
18:57:18 2/23/2013 [GRAPHICS] [INFO]: Depth Buffer Done
18:57:18 2/23/2013 [GRAPHICS] [INFO]: Glossy Buffer Done
18:57:18 2/23/2013 [GRAPHICS] [INFO]: Indirect Buffer Done
18:57:18 2/23/2013 [GRAPHICS] [INFO]: Final Buffer Done
18:57:18 2/23/2013 [GRAPHICS] [INFO]: Depth Buffer Done
