22:3:52 2/23/2013 [GRAPHICS] [INFO]: Loading Textures
22:3:52 2/23/2013 [GRAPHICS] [INFO]: Done Loading Textures
22:3:52 2/23/2013 [GRAPHICS] [INFO]: Loading Models
22:3:52 2/23/2013 [GRAPHICS] [INFO]: Done Loading Models
22:3:52 2/23/2013 [GRAPHICS] [INFO]: Loading Materials
22:3:52 2/23/2013 [GRAPHICS] [INFO]: Done Loading Materials
22:3:52 2/23/2013 [GRAPHICS] [INFO]: Loading Shaders
22:3:52 2/23/2013 [GRAPHICS] [INFO]: Done Loading Shaders
22:3:52 2/23/2013 [GRAPHICS] [INFO]: Loading Tiles
22:3:52 2/23/2013 [GRAPHICS] [INFO]: Done Loading Tiles
22:3:52 2/23/2013 [GRAPHICS] [INFO]: Loading Chunks
22:3:52 2/23/2013 [GRAPHICS] [INFO]: Done Loading Chunks
22:3:52 2/23/2013 [GRAPHICS] [INFO]: Loading Tiles
22:3:52 2/23/2013 [GRAPHICS] [INFO]: Done Loading Tiles
22:3:52 2/23/2013 [GRAPHICS] [INFO]: gBuffer Done
22:3:52 2/23/2013 [GRAPHICS] [INFO]: Light Buffer Done
22:3:52 2/23/2013 [GRAPHICS] [INFO]: Depth Buffer Done
22:3:52 2/23/2013 [GRAPHICS] [INFO]: Depth Buffer Done
22:3:52 2/23/2013 [GRAPHICS] [INFO]: Depth Buffer Done
22:3:52 2/23/2013 [GRAPHICS] [INFO]: Depth Buffer Done
22:3:52 2/23/2013 [GRAPHICS] [INFO]: Glossy Buffer Done
22:3:52 2/23/2013 [GRAPHICS] [INFO]: Indirect Buffer Done
22:3:52 2/23/2013 [GRAPHICS] [INFO]: Final Buffer Done
22:3:52 2/23/2013 [GRAPHICS] [INFO]: Depth Buffer Done
