19:14:16 2/23/2013 [GRAPHICS] [INFO]: Loading Textures
19:14:16 2/23/2013 [GRAPHICS] [INFO]: Done Loading Textures
19:14:16 2/23/2013 [GRAPHICS] [INFO]: Loading Models
19:14:16 2/23/2013 [GRAPHICS] [INFO]: Done Loading Models
19:14:16 2/23/2013 [GRAPHICS] [INFO]: Loading Materials
19:14:16 2/23/2013 [GRAPHICS] [INFO]: Done Loading Materials
19:14:16 2/23/2013 [GRAPHICS] [INFO]: Loading Shaders
19:14:16 2/23/2013 [GRAPHICS] [INFO]: Done Loading Shaders
19:14:16 2/23/2013 [GRAPHICS] [INFO]: Loading Tiles
19:14:16 2/23/2013 [GRAPHICS] [INFO]: Done Loading Tiles
19:14:16 2/23/2013 [GRAPHICS] [INFO]: Loading Chunks
19:14:16 2/23/2013 [GRAPHICS] [INFO]: Done Loading Chunks
19:14:16 2/23/2013 [GRAPHICS] [INFO]: Loading Tiles
19:14:16 2/23/2013 [GRAPHICS] [INFO]: Done Loading Tiles
19:14:16 2/23/2013 [GRAPHICS] [INFO]: gBuffer Done
19:14:16 2/23/2013 [GRAPHICS] [INFO]: Light Buffer Done
19:14:16 2/23/2013 [GRAPHICS] [INFO]: Depth Buffer Done
19:14:16 2/23/2013 [GRAPHICS] [INFO]: Depth Buffer Done
19:14:16 2/23/2013 [GRAPHICS] [INFO]: Depth Buffer Done
19:14:16 2/23/2013 [GRAPHICS] [INFO]: Depth Buffer Done
19:14:16 2/23/2013 [GRAPHICS] [INFO]: Glossy Buffer Done
19:14:16 2/23/2013 [GRAPHICS] [INFO]: Indirect Buffer Done
19:14:16 2/23/2013 [GRAPHICS] [INFO]: Final Buffer Done
19:14:16 2/23/2013 [GRAPHICS] [INFO]: Depth Buffer Done
