12:55:12 2/15/2013 [GRAPHICS] [INFO]: Loading Textures
12:55:12 2/15/2013 [GRAPHICS] [INFO]: Done Loading Textures
12:55:12 2/15/2013 [GRAPHICS] [INFO]: Loading Models
12:55:12 2/15/2013 [GRAPHICS] [INFO]: Done Loading Models
12:55:12 2/15/2013 [GRAPHICS] [INFO]: Loading Materials
12:55:12 2/15/2013 [GRAPHICS] [INFO]: Done Loading Materials
12:55:12 2/15/2013 [GRAPHICS] [INFO]: Loading Shaders
12:55:12 2/15/2013 [GRAPHICS] [INFO]: Done Loading Shaders
12:55:12 2/15/2013 [GRAPHICS] [INFO]: Loading Tiles
12:55:12 2/15/2013 [GRAPHICS] [INFO]: Done Loading Tiles
12:55:12 2/15/2013 [GRAPHICS] [INFO]: Loading Chunks
12:55:12 2/15/2013 [GRAPHICS] [INFO]: Done Loading Chunks
12:55:12 2/15/2013 [GRAPHICS] [INFO]: Loading Tiles
12:55:12 2/15/2013 [GRAPHICS] [INFO]: Done Loading Tiles
12:55:12 2/15/2013 [GRAPHICS] [INFO]: gBuffer Done
12:55:12 2/15/2013 [GRAPHICS] [INFO]: Light Buffer Done
12:55:12 2/15/2013 [GRAPHICS] [INFO]: Depth Buffer Done
12:55:12 2/15/2013 [GRAPHICS] [INFO]: Depth Buffer Done
12:55:12 2/15/2013 [GRAPHICS] [INFO]: Depth Buffer Done
12:55:12 2/15/2013 [GRAPHICS] [INFO]: Depth Buffer Done
12:55:12 2/15/2013 [GRAPHICS] [INFO]: Glossy Buffer Done
12:55:12 2/15/2013 [GRAPHICS] [INFO]: Final Buffer Done
12:55:12 2/15/2013 [GRAPHICS] [INFO]: Depth Buffer Done
