16:50:12 2/15/2013 [GRAPHICS] [INFO]: Loading Textures
16:50:12 2/15/2013 [GRAPHICS] [INFO]: Done Loading Textures
16:50:12 2/15/2013 [GRAPHICS] [INFO]: Loading Models
16:50:12 2/15/2013 [GRAPHICS] [INFO]: Done Loading Models
16:50:12 2/15/2013 [GRAPHICS] [INFO]: Loading Materials
16:50:12 2/15/2013 [GRAPHICS] [INFO]: Done Loading Materials
16:50:12 2/15/2013 [GRAPHICS] [INFO]: Loading Shaders
16:50:12 2/15/2013 [GRAPHICS] [INFO]: Done Loading Shaders
16:50:12 2/15/2013 [GRAPHICS] [INFO]: Loading Tiles
16:50:12 2/15/2013 [GRAPHICS] [INFO]: Done Loading Tiles
16:50:12 2/15/2013 [GRAPHICS] [INFO]: Loading Chunks
16:50:12 2/15/2013 [GRAPHICS] [INFO]: Done Loading Chunks
16:50:12 2/15/2013 [GRAPHICS] [INFO]: Loading Tiles
16:50:12 2/15/2013 [GRAPHICS] [INFO]: Done Loading Tiles
16:50:12 2/15/2013 [GRAPHICS] [INFO]: gBuffer Done
16:50:12 2/15/2013 [GRAPHICS] [INFO]: Light Buffer Done
16:50:12 2/15/2013 [GRAPHICS] [INFO]: Depth Buffer Done
16:50:12 2/15/2013 [GRAPHICS] [INFO]: Depth Buffer Done
16:50:12 2/15/2013 [GRAPHICS] [INFO]: Depth Buffer Done
16:50:12 2/15/2013 [GRAPHICS] [INFO]: Depth Buffer Done
16:50:12 2/15/2013 [GRAPHICS] [INFO]: Glossy Buffer Done
16:50:12 2/15/2013 [GRAPHICS] [INFO]: Final Buffer Done
16:50:12 2/15/2013 [GRAPHICS] [INFO]: Depth Buffer Done
