15:41:46 2/15/2013 [GRAPHICS] [INFO]: Loading Textures
15:41:46 2/15/2013 [GRAPHICS] [INFO]: Done Loading Textures
15:41:46 2/15/2013 [GRAPHICS] [INFO]: Loading Models
15:41:46 2/15/2013 [GRAPHICS] [INFO]: Done Loading Models
15:41:46 2/15/2013 [GRAPHICS] [INFO]: Loading Materials
15:41:46 2/15/2013 [GRAPHICS] [INFO]: Done Loading Materials
15:41:46 2/15/2013 [GRAPHICS] [INFO]: Loading Shaders
15:41:46 2/15/2013 [GRAPHICS] [ERROR]: Fragment shader failed to compile GlossyReflection
0(48) : error C1038: declaration of "specular" conflicts with previous declaration at 0(33)

15:41:46 2/15/2013 [GRAPHICS] [INFO]: Done Loading Shaders
15:41:46 2/15/2013 [GRAPHICS] [INFO]: Loading Tiles
15:41:46 2/15/2013 [GRAPHICS] [INFO]: Done Loading Tiles
15:41:46 2/15/2013 [GRAPHICS] [INFO]: Loading Chunks
15:41:46 2/15/2013 [GRAPHICS] [INFO]: Done Loading Chunks
15:41:46 2/15/2013 [GRAPHICS] [INFO]: Loading Tiles
15:41:46 2/15/2013 [GRAPHICS] [INFO]: Done Loading Tiles
15:41:46 2/15/2013 [GRAPHICS] [INFO]: gBuffer Done
15:41:46 2/15/2013 [GRAPHICS] [INFO]: Light Buffer Done
15:41:46 2/15/2013 [GRAPHICS] [INFO]: Depth Buffer Done
15:41:46 2/15/2013 [GRAPHICS] [INFO]: Depth Buffer Done
15:41:46 2/15/2013 [GRAPHICS] [INFO]: Depth Buffer Done
15:41:46 2/15/2013 [GRAPHICS] [INFO]: Depth Buffer Done
15:41:46 2/15/2013 [GRAPHICS] [INFO]: Glossy Buffer Done
15:41:46 2/15/2013 [GRAPHICS] [INFO]: Final Buffer Done
15:41:46 2/15/2013 [GRAPHICS] [INFO]: Depth Buffer Done
15:41:46 2/15/2013 [GRAPHICS] [ERROR]: projectionMatrix - is not a valid uniform variable name
