17:6:43 2/15/2013 [GRAPHICS] [INFO]: Loading Textures
17:6:43 2/15/2013 [GRAPHICS] [INFO]: Done Loading Textures
17:6:43 2/15/2013 [GRAPHICS] [INFO]: Loading Models
17:6:43 2/15/2013 [GRAPHICS] [INFO]: Done Loading Models
17:6:43 2/15/2013 [GRAPHICS] [INFO]: Loading Materials
17:6:43 2/15/2013 [GRAPHICS] [INFO]: Done Loading Materials
17:6:43 2/15/2013 [GRAPHICS] [INFO]: Loading Shaders
17:6:43 2/15/2013 [GRAPHICS] [INFO]: Done Loading Shaders
17:6:43 2/15/2013 [GRAPHICS] [INFO]: Loading Tiles
17:6:43 2/15/2013 [GRAPHICS] [INFO]: Done Loading Tiles
17:6:43 2/15/2013 [GRAPHICS] [INFO]: Loading Chunks
17:6:43 2/15/2013 [GRAPHICS] [INFO]: Done Loading Chunks
17:6:43 2/15/2013 [GRAPHICS] [INFO]: Loading Tiles
17:6:43 2/15/2013 [GRAPHICS] [INFO]: Done Loading Tiles
17:6:43 2/15/2013 [GRAPHICS] [INFO]: gBuffer Done
17:6:43 2/15/2013 [GRAPHICS] [INFO]: Light Buffer Done
17:6:43 2/15/2013 [GRAPHICS] [INFO]: Depth Buffer Done
17:6:43 2/15/2013 [GRAPHICS] [INFO]: Depth Buffer Done
17:6:43 2/15/2013 [GRAPHICS] [INFO]: Depth Buffer Done
17:6:43 2/15/2013 [GRAPHICS] [INFO]: Depth Buffer Done
17:6:43 2/15/2013 [GRAPHICS] [INFO]: Glossy Buffer Done
17:6:43 2/15/2013 [GRAPHICS] [INFO]: Final Buffer Done
17:6:43 2/15/2013 [GRAPHICS] [INFO]: Depth Buffer Done
