10:32:30 2/15/2013 [GRAPHICS] [INFO]: Loading Textures
10:32:30 2/15/2013 [GRAPHICS] [INFO]: Done Loading Textures
10:32:30 2/15/2013 [GRAPHICS] [INFO]: Loading Models
10:32:30 2/15/2013 [GRAPHICS] [INFO]: Done Loading Models
10:32:30 2/15/2013 [GRAPHICS] [INFO]: Loading Materials
10:32:30 2/15/2013 [GRAPHICS] [INFO]: Done Loading Materials
10:32:30 2/15/2013 [GRAPHICS] [INFO]: Loading Shaders
10:32:30 2/15/2013 [GRAPHICS] [INFO]: Done Loading Shaders
10:32:30 2/15/2013 [GRAPHICS] [INFO]: Loading Tiles
10:32:30 2/15/2013 [GRAPHICS] [INFO]: Done Loading Tiles
10:32:30 2/15/2013 [GRAPHICS] [INFO]: Loading Chunks
10:32:30 2/15/2013 [GRAPHICS] [INFO]: Done Loading Chunks
10:32:30 2/15/2013 [GRAPHICS] [INFO]: Loading Tiles
10:32:30 2/15/2013 [GRAPHICS] [INFO]: Done Loading Tiles
10:32:30 2/15/2013 [GRAPHICS] [INFO]: gBuffer Done
10:32:30 2/15/2013 [GRAPHICS] [INFO]: Light Buffer Done
10:32:30 2/15/2013 [GRAPHICS] [INFO]: Depth Buffer Done
10:32:30 2/15/2013 [GRAPHICS] [INFO]: Depth Buffer Done
10:32:30 2/15/2013 [GRAPHICS] [INFO]: Depth Buffer Done
10:32:30 2/15/2013 [GRAPHICS] [INFO]: Depth Buffer Done
10:32:30 2/15/2013 [GRAPHICS] [INFO]: Glossy Buffer Done
10:32:30 2/15/2013 [GRAPHICS] [INFO]: Final Buffer Done
10:32:30 2/15/2013 [GRAPHICS] [INFO]: Depth Buffer Done
