13:38:53 2/15/2013 [GRAPHICS] [INFO]: Loading Textures
13:38:53 2/15/2013 [GRAPHICS] [INFO]: Done Loading Textures
13:38:53 2/15/2013 [GRAPHICS] [INFO]: Loading Models
13:38:53 2/15/2013 [GRAPHICS] [INFO]: Done Loading Models
13:38:53 2/15/2013 [GRAPHICS] [INFO]: Loading Materials
13:38:53 2/15/2013 [GRAPHICS] [INFO]: Done Loading Materials
13:38:53 2/15/2013 [GRAPHICS] [INFO]: Loading Shaders
13:38:53 2/15/2013 [GRAPHICS] [INFO]: Done Loading Shaders
13:38:53 2/15/2013 [GRAPHICS] [INFO]: Loading Tiles
13:38:53 2/15/2013 [GRAPHICS] [INFO]: Done Loading Tiles
13:38:53 2/15/2013 [GRAPHICS] [INFO]: Loading Chunks
13:38:53 2/15/2013 [GRAPHICS] [INFO]: Done Loading Chunks
13:38:53 2/15/2013 [GRAPHICS] [INFO]: Loading Tiles
13:38:53 2/15/2013 [GRAPHICS] [INFO]: Done Loading Tiles
13:38:53 2/15/2013 [GRAPHICS] [INFO]: gBuffer Done
13:38:53 2/15/2013 [GRAPHICS] [INFO]: Light Buffer Done
13:38:53 2/15/2013 [GRAPHICS] [INFO]: Depth Buffer Done
13:38:53 2/15/2013 [GRAPHICS] [INFO]: Depth Buffer Done
13:38:53 2/15/2013 [GRAPHICS] [INFO]: Depth Buffer Done
13:38:53 2/15/2013 [GRAPHICS] [INFO]: Depth Buffer Done
13:38:53 2/15/2013 [GRAPHICS] [INFO]: Glossy Buffer Done
13:38:53 2/15/2013 [GRAPHICS] [INFO]: Final Buffer Done
13:38:53 2/15/2013 [GRAPHICS] [INFO]: Depth Buffer Done
