19:2:58 2/14/2013 [GRAPHICS] [INFO]: Loading Textures
19:2:58 2/14/2013 [GRAPHICS] [INFO]: Done Loading Textures
19:2:58 2/14/2013 [GRAPHICS] [INFO]: Loading Models
19:2:58 2/14/2013 [GRAPHICS] [INFO]: Done Loading Models
19:2:58 2/14/2013 [GRAPHICS] [INFO]: Loading Materials
19:2:58 2/14/2013 [GRAPHICS] [INFO]: Done Loading Materials
19:2:58 2/14/2013 [GRAPHICS] [INFO]: Loading Shaders
19:2:58 2/14/2013 [GRAPHICS] [ERROR]: Fragment shader failed to compile BuildVoxels
0(22) : error C1043: size of dimension cannot be less than 1
0(23) : error C1038: declaration of "voxelmap" conflicts with previous declaration at 0(22)
0(90) : error C1102: incompatible type for parameter #1 ("imgUI")

19:2:58 2/14/2013 [GRAPHICS] [INFO]: Done Loading Shaders
19:2:58 2/14/2013 [GRAPHICS] [INFO]: Loading Tiles
19:2:58 2/14/2013 [GRAPHICS] [INFO]: Done Loading Tiles
19:2:58 2/14/2013 [GRAPHICS] [INFO]: Loading Chunks
19:2:58 2/14/2013 [GRAPHICS] [INFO]: Done Loading Chunks
19:2:58 2/14/2013 [GRAPHICS] [INFO]: Loading Tiles
19:2:58 2/14/2013 [GRAPHICS] [INFO]: Done Loading Tiles
19:2:58 2/14/2013 [GRAPHICS] [INFO]: gBuffer Done
19:2:58 2/14/2013 [GRAPHICS] [INFO]: Light Buffer Done
19:2:58 2/14/2013 [GRAPHICS] [INFO]: Depth Buffer Done
19:2:58 2/14/2013 [GRAPHICS] [INFO]: Depth Buffer Done
19:2:58 2/14/2013 [GRAPHICS] [INFO]: Depth Buffer Done
19:2:58 2/14/2013 [GRAPHICS] [INFO]: Depth Buffer Done
19:2:58 2/14/2013 [GRAPHICS] [INFO]: Final Buffer Done
19:2:58 2/14/2013 [GRAPHICS] [INFO]: Depth Buffer Done
19:2:58 2/14/2013 [GRAPHICS] [ERROR]: projectionMatrix - is not a valid uniform variable name
