18:46:28 2/14/2013 [GRAPHICS] [INFO]: Loading Textures
18:46:28 2/14/2013 [GRAPHICS] [INFO]: Done Loading Textures
18:46:28 2/14/2013 [GRAPHICS] [INFO]: Loading Models
18:46:28 2/14/2013 [GRAPHICS] [INFO]: Done Loading Models
18:46:28 2/14/2013 [GRAPHICS] [INFO]: Loading Materials
18:46:28 2/14/2013 [GRAPHICS] [INFO]: Done Loading Materials
18:46:28 2/14/2013 [GRAPHICS] [INFO]: Loading Shaders
18:46:28 2/14/2013 [GRAPHICS] [INFO]: Done Loading Shaders
18:46:28 2/14/2013 [GRAPHICS] [INFO]: Loading Tiles
18:46:28 2/14/2013 [GRAPHICS] [INFO]: Done Loading Tiles
18:46:28 2/14/2013 [GRAPHICS] [INFO]: Loading Chunks
18:46:28 2/14/2013 [GRAPHICS] [INFO]: Done Loading Chunks
18:46:28 2/14/2013 [GRAPHICS] [INFO]: Loading Tiles
18:46:28 2/14/2013 [GRAPHICS] [INFO]: Done Loading Tiles
18:46:28 2/14/2013 [GRAPHICS] [INFO]: gBuffer Done
18:46:28 2/14/2013 [GRAPHICS] [INFO]: Light Buffer Done
18:46:28 2/14/2013 [GRAPHICS] [INFO]: Depth Buffer Done
18:46:28 2/14/2013 [GRAPHICS] [INFO]: Depth Buffer Done
18:46:28 2/14/2013 [GRAPHICS] [INFO]: Depth Buffer Done
18:46:28 2/14/2013 [GRAPHICS] [INFO]: Depth Buffer Done
18:46:28 2/14/2013 [GRAPHICS] [INFO]: Final Buffer Done
18:46:28 2/14/2013 [GRAPHICS] [INFO]: Depth Buffer Done
