4:39:29 2/14/2013 [GRAPHICS] [INFO]: Loading Textures
4:39:29 2/14/2013 [GRAPHICS] [INFO]: Done Loading Textures
4:39:29 2/14/2013 [GRAPHICS] [INFO]: Loading Models
4:39:29 2/14/2013 [GRAPHICS] [INFO]: Done Loading Models
4:39:29 2/14/2013 [GRAPHICS] [INFO]: Loading Materials
4:39:29 2/14/2013 [GRAPHICS] [INFO]: Done Loading Materials
4:39:29 2/14/2013 [GRAPHICS] [INFO]: Loading Shaders
4:39:29 2/14/2013 [GRAPHICS] [INFO]: Done Loading Shaders
4:39:29 2/14/2013 [GRAPHICS] [INFO]: Loading Tiles
4:39:29 2/14/2013 [GRAPHICS] [INFO]: Done Loading Tiles
4:39:29 2/14/2013 [GRAPHICS] [INFO]: Loading Chunks
4:39:29 2/14/2013 [GRAPHICS] [INFO]: Done Loading Chunks
4:39:29 2/14/2013 [GRAPHICS] [INFO]: Loading Tiles
4:39:29 2/14/2013 [GRAPHICS] [INFO]: Done Loading Tiles
4:39:29 2/14/2013 [GRAPHICS] [INFO]: gBuffer Done
4:39:29 2/14/2013 [GRAPHICS] [INFO]: Light Buffer Done
4:39:29 2/14/2013 [GRAPHICS] [INFO]: Depth Buffer Done
4:39:29 2/14/2013 [GRAPHICS] [INFO]: Depth Buffer Done
4:39:29 2/14/2013 [GRAPHICS] [INFO]: Depth Buffer Done
4:39:29 2/14/2013 [GRAPHICS] [INFO]: Depth Buffer Done
4:39:29 2/14/2013 [GRAPHICS] [INFO]: Final Buffer Done
4:39:29 2/14/2013 [GRAPHICS] [INFO]: Depth Buffer Done
