18:53:23 3/25/2013 [GRAPHICS] [INFO]: Loading Textures
18:53:23 3/25/2013 [GRAPHICS] [INFO]: Done Loading Textures
18:53:23 3/25/2013 [GRAPHICS] [INFO]: Loading Models
18:53:23 3/25/2013 [GRAPHICS] [INFO]: Done Loading Models
18:53:23 3/25/2013 [GRAPHICS] [INFO]: Loading Materials
18:53:23 3/25/2013 [GRAPHICS] [INFO]: Done Loading Materials
18:53:23 3/25/2013 [GRAPHICS] [INFO]: Loading Shaders
18:53:23 3/25/2013 [GRAPHICS] [ERROR]: Fragment shader failed to compile Indirect
0(64) : error C0000: syntax error, unexpected ')', expecting "::" at token ")"

18:53:23 3/25/2013 [GRAPHICS] [INFO]: Done Loading Shaders
18:53:23 3/25/2013 [GRAPHICS] [INFO]: Loading Tiles
18:53:23 3/25/2013 [GRAPHICS] [INFO]: Done Loading Tiles
18:53:23 3/25/2013 [GRAPHICS] [INFO]: Loading Chunks
18:53:23 3/25/2013 [GRAPHICS] [INFO]: Done Loading Chunks
18:53:23 3/25/2013 [GRAPHICS] [INFO]: Loading Tiles
18:53:23 3/25/2013 [GRAPHICS] [INFO]: Done Loading Tiles
18:53:23 3/25/2013 [GRAPHICS] [INFO]: gBuffer Done
18:53:23 3/25/2013 [GRAPHICS] [INFO]: Light Buffer Done
18:53:23 3/25/2013 [GRAPHICS] [INFO]: Depth Buffer Done
18:53:23 3/25/2013 [GRAPHICS] [INFO]: Depth Buffer Done
18:53:23 3/25/2013 [GRAPHICS] [INFO]: Depth Buffer Done
18:53:23 3/25/2013 [GRAPHICS] [INFO]: Depth Buffer Done
18:53:23 3/25/2013 [GRAPHICS] [INFO]: Glossy Buffer Done
18:53:23 3/25/2013 [GRAPHICS] [INFO]: Indirect Buffer Done
18:53:23 3/25/2013 [GRAPHICS] [INFO]: Blur Buffer Done
18:53:23 3/25/2013 [GRAPHICS] [INFO]: Blur Buffer Done
18:53:23 3/25/2013 [GRAPHICS] [INFO]: Final Buffer Done
18:53:23 3/25/2013 [GRAPHICS] [INFO]: Depth Buffer Done
18:53:23 3/25/2013 [GRAPHICS] [ERROR]: projectionMatrix - is not a valid uniform variable name
