0:0:2 2/5/2013 [GRAPHICS] [INFO]: Loading Textures
0:0:2 2/5/2013 [GRAPHICS] [INFO]: Done Loading Textures
0:0:2 2/5/2013 [GRAPHICS] [INFO]: Loading Models
0:0:2 2/5/2013 [GRAPHICS] [INFO]: Done Loading Models
0:0:2 2/5/2013 [GRAPHICS] [INFO]: Loading Materials
0:0:2 2/5/2013 [GRAPHICS] [INFO]: Done Loading Materials
0:0:2 2/5/2013 [GRAPHICS] [INFO]: Loading Shaders
0:0:2 2/5/2013 [GRAPHICS] [INFO]: Done Loading Shaders
0:0:2 2/5/2013 [GRAPHICS] [INFO]: Loading Tiles
0:0:2 2/5/2013 [GRAPHICS] [INFO]: Done Loading Tiles
0:0:2 2/5/2013 [GRAPHICS] [INFO]: Loading Chunks
0:0:2 2/5/2013 [GRAPHICS] [INFO]: Done Loading Chunks
0:0:2 2/5/2013 [GRAPHICS] [INFO]: Loading Tiles
0:0:2 2/5/2013 [GRAPHICS] [INFO]: Done Loading Tiles
0:0:2 2/5/2013 [GRAPHICS] [INFO]: gBuffer Done
0:0:2 2/5/2013 [GRAPHICS] [INFO]: Light Buffer Done
0:0:2 2/5/2013 [GRAPHICS] [INFO]: Depth Buffer Done
0:0:2 2/5/2013 [GRAPHICS] [INFO]: Depth Buffer Done
0:0:2 2/5/2013 [GRAPHICS] [INFO]: Depth Buffer Done
0:0:2 2/5/2013 [GRAPHICS] [INFO]: Depth Buffer Done
0:0:2 2/5/2013 [GRAPHICS] [INFO]: Final Buffer Done
