14:59:56 2/7/2013 [GRAPHICS] [INFO]: Loading Textures
14:59:56 2/7/2013 [GRAPHICS] [INFO]: Done Loading Textures
14:59:56 2/7/2013 [GRAPHICS] [INFO]: Loading Models
14:59:56 2/7/2013 [GRAPHICS] [INFO]: Done Loading Models
14:59:56 2/7/2013 [GRAPHICS] [INFO]: Loading Materials
14:59:56 2/7/2013 [GRAPHICS] [INFO]: Done Loading Materials
14:59:56 2/7/2013 [GRAPHICS] [INFO]: Loading Shaders
14:59:56 2/7/2013 [GRAPHICS] [INFO]: Done Loading Shaders
14:59:56 2/7/2013 [GRAPHICS] [INFO]: Loading Tiles
14:59:56 2/7/2013 [GRAPHICS] [INFO]: Done Loading Tiles
14:59:56 2/7/2013 [GRAPHICS] [INFO]: Loading Chunks
14:59:56 2/7/2013 [GRAPHICS] [INFO]: Done Loading Chunks
14:59:56 2/7/2013 [GRAPHICS] [INFO]: Loading Tiles
14:59:56 2/7/2013 [GRAPHICS] [INFO]: Done Loading Tiles
14:59:56 2/7/2013 [GRAPHICS] [INFO]: gBuffer Done
14:59:56 2/7/2013 [GRAPHICS] [INFO]: Light Buffer Done
14:59:56 2/7/2013 [GRAPHICS] [INFO]: Depth Buffer Done
14:59:56 2/7/2013 [GRAPHICS] [INFO]: Depth Buffer Done
14:59:56 2/7/2013 [GRAPHICS] [INFO]: Depth Buffer Done
14:59:56 2/7/2013 [GRAPHICS] [INFO]: Depth Buffer Done
14:59:56 2/7/2013 [GRAPHICS] [INFO]: Final Buffer Done
