15:9:25 2/7/2013 [GRAPHICS] [INFO]: Loading Textures
15:9:25 2/7/2013 [GRAPHICS] [INFO]: Done Loading Textures
15:9:25 2/7/2013 [GRAPHICS] [INFO]: Loading Models
15:9:25 2/7/2013 [GRAPHICS] [INFO]: Done Loading Models
15:9:25 2/7/2013 [GRAPHICS] [INFO]: Loading Materials
15:9:25 2/7/2013 [GRAPHICS] [INFO]: Done Loading Materials
15:9:25 2/7/2013 [GRAPHICS] [INFO]: Loading Shaders
15:9:25 2/7/2013 [GRAPHICS] [INFO]: Done Loading Shaders
15:9:25 2/7/2013 [GRAPHICS] [INFO]: Loading Tiles
15:9:25 2/7/2013 [GRAPHICS] [INFO]: Done Loading Tiles
15:9:25 2/7/2013 [GRAPHICS] [INFO]: Loading Chunks
15:9:25 2/7/2013 [GRAPHICS] [INFO]: Done Loading Chunks
15:9:25 2/7/2013 [GRAPHICS] [INFO]: Loading Tiles
15:9:25 2/7/2013 [GRAPHICS] [INFO]: Done Loading Tiles
15:9:25 2/7/2013 [GRAPHICS] [INFO]: gBuffer Done
15:9:25 2/7/2013 [GRAPHICS] [INFO]: Light Buffer Done
15:9:25 2/7/2013 [GRAPHICS] [INFO]: Depth Buffer Done
15:9:25 2/7/2013 [GRAPHICS] [INFO]: Depth Buffer Done
15:9:25 2/7/2013 [GRAPHICS] [INFO]: Depth Buffer Done
15:9:25 2/7/2013 [GRAPHICS] [INFO]: Depth Buffer Done
15:9:25 2/7/2013 [GRAPHICS] [INFO]: Final Buffer Done
