0:33:12 2/21/2013 [GRAPHICS] [INFO]: Loading Textures
0:33:12 2/21/2013 [GRAPHICS] [INFO]: Done Loading Textures
0:33:12 2/21/2013 [GRAPHICS] [INFO]: Loading Models
0:33:12 2/21/2013 [GRAPHICS] [INFO]: Done Loading Models
0:33:12 2/21/2013 [GRAPHICS] [INFO]: Loading Materials
0:33:12 2/21/2013 [GRAPHICS] [INFO]: Done Loading Materials
0:33:12 2/21/2013 [GRAPHICS] [INFO]: Loading Shaders
0:33:12 2/21/2013 [GRAPHICS] [INFO]: Done Loading Shaders
0:33:12 2/21/2013 [GRAPHICS] [INFO]: Loading Tiles
0:33:12 2/21/2013 [GRAPHICS] [INFO]: Done Loading Tiles
0:33:12 2/21/2013 [GRAPHICS] [INFO]: Loading Chunks
0:33:12 2/21/2013 [GRAPHICS] [INFO]: Done Loading Chunks
0:33:12 2/21/2013 [GRAPHICS] [INFO]: Loading Tiles
0:33:12 2/21/2013 [GRAPHICS] [INFO]: Done Loading Tiles
0:33:12 2/21/2013 [GRAPHICS] [INFO]: gBuffer Done
0:33:12 2/21/2013 [GRAPHICS] [INFO]: Light Buffer Done
0:33:12 2/21/2013 [GRAPHICS] [INFO]: Depth Buffer Done
0:33:12 2/21/2013 [GRAPHICS] [INFO]: Depth Buffer Done
0:33:12 2/21/2013 [GRAPHICS] [INFO]: Depth Buffer Done
0:33:12 2/21/2013 [GRAPHICS] [INFO]: Depth Buffer Done
0:33:12 2/21/2013 [GRAPHICS] [INFO]: Glossy Buffer Done
0:33:12 2/21/2013 [GRAPHICS] [INFO]: Indirect Buffer Done
0:33:12 2/21/2013 [GRAPHICS] [INFO]: Final Buffer Done
0:33:12 2/21/2013 [GRAPHICS] [INFO]: Depth Buffer Done
0:33:12 2/21/2013 [GRAPHICS] [ERROR]: bitanTex - is not a valid uniform variable name
