14:2:20 4/19/2013 [GRAPHICS] [INFO]: Loading Textures
14:2:20 4/19/2013 [GRAPHICS] [INFO]: Done Loading Textures
14:2:20 4/19/2013 [GRAPHICS] [INFO]: Loading Models
14:2:20 4/19/2013 [GRAPHICS] [INFO]: Done Loading Models
14:2:20 4/19/2013 [GRAPHICS] [INFO]: Loading Materials
14:2:20 4/19/2013 [GRAPHICS] [INFO]: Done Loading Materials
14:2:20 4/19/2013 [GRAPHICS] [INFO]: Loading Shaders
14:2:20 4/19/2013 [GRAPHICS] [INFO]: Done Loading Shaders
14:2:20 4/19/2013 [GRAPHICS] [INFO]: Loading Tiles
14:2:20 4/19/2013 [GRAPHICS] [INFO]: Done Loading Tiles
14:2:20 4/19/2013 [GRAPHICS] [INFO]: Loading Chunks
14:2:20 4/19/2013 [GRAPHICS] [INFO]: Done Loading Chunks
14:2:20 4/19/2013 [GRAPHICS] [INFO]: Loading Tiles
14:2:20 4/19/2013 [GRAPHICS] [INFO]: Done Loading Tiles
14:2:20 4/19/2013 [GRAPHICS] [INFO]: gBuffer Done
14:2:20 4/19/2013 [GRAPHICS] [INFO]: Light Buffer Done
14:2:20 4/19/2013 [GRAPHICS] [INFO]: Depth Buffer Done
14:2:20 4/19/2013 [GRAPHICS] [INFO]: Depth Buffer Done
14:2:20 4/19/2013 [GRAPHICS] [INFO]: Depth Buffer Done
14:2:20 4/19/2013 [GRAPHICS] [INFO]: Depth Buffer Done
14:2:20 4/19/2013 [GRAPHICS] [INFO]: Glossy Buffer Done
14:2:20 4/19/2013 [GRAPHICS] [INFO]: Indirect Buffer Done
14:2:20 4/19/2013 [GRAPHICS] [INFO]: Blur Buffer Done
14:2:20 4/19/2013 [GRAPHICS] [INFO]: Blur Buffer Done
14:2:20 4/19/2013 [GRAPHICS] [INFO]: Final Buffer Done
14:2:20 4/19/2013 [GRAPHICS] [INFO]: Depth Buffer Done
